This file contains any messages produced by compilers while
running configure, to aid debugging if configure makes a mistake.

It was created by memcached configure 1.6.0_beta1_77_ge70f5ac, which was
generated by GNU Autoconf 2.68.  Invocation command line was

  $ ./configure 

## --------- ##
## Platform. ##
## --------- ##

hostname = Facundo-Notebook
uname -m = i686
uname -r = 3.0.0-17-generic-pae
uname -s = Linux
uname -v = #30-Ubuntu SMP Thu Mar 8 17:53:35 UTC 2012

/usr/bin/uname -p = unknown
/bin/uname -X     = unknown

/bin/arch              = unknown
/usr/bin/arch -k       = unknown
/usr/convex/getsysinfo = unknown
/usr/bin/hostinfo      = unknown
/bin/machine           = unknown
/usr/bin/oslevel       = unknown
/bin/universe          = unknown

PATH: /usr/lib/lightdm/lightdm
PATH: /usr/local/sbin
PATH: /usr/local/bin
PATH: /usr/sbin
PATH: /usr/bin
PATH: /sbin
PATH: /bin
PATH: /usr/games


## ----------- ##
## Core tests. ##
## ----------- ##

configure:2265: checking build system type
configure:2279: result: i686-pc-linux-gnu
configure:2299: checking host system type
configure:2312: result: i686-pc-linux-gnu
configure:2332: checking target system type
configure:2345: result: i686-pc-linux-gnu
configure:2389: checking for a BSD-compatible install
configure:2457: result: /usr/bin/install -c
configure:2468: checking whether build environment is sane
configure:2518: result: yes
configure:2659: checking for a thread-safe mkdir -p
configure:2698: result: /bin/mkdir -p
configure:2711: checking for gawk
configure:2741: result: no
configure:2711: checking for mawk
configure:2727: found /usr/bin/mawk
configure:2738: result: mawk
configure:2749: checking whether make sets $(MAKE)
configure:2771: result: yes
configure:2902: checking for gcc
configure:2918: found /usr/bin/gcc
configure:2929: result: gcc
configure:3158: checking for C compiler version
configure:3167: gcc --version >&5
gcc (Ubuntu/Linaro 4.6.1-9ubuntu3) 4.6.1
Copyright (C) 2011 Free Software Foundation, Inc.
This is free software; see the source for copying conditions.  There is NO
warranty; not even for MERCHANTABILITY or FITNESS FOR A PARTICULAR PURPOSE.

configure:3178: $? = 0
configure:3167: gcc -v >&5
Using built-in specs.
COLLECT_GCC=gcc
COLLECT_LTO_WRAPPER=/usr/lib/gcc/i686-linux-gnu/4.6.1/lto-wrapper
Target: i686-linux-gnu
Configured with: ../src/configure -v --with-pkgversion='Ubuntu/Linaro 4.6.1-9ubuntu3' --with-bugurl=file:///usr/share/doc/gcc-4.6/README.Bugs --enable-languages=c,c++,fortran,objc,obj-c++,go --prefix=/usr --program-suffix=-4.6 --enable-shared --enable-linker-build-id --with-system-zlib --libexecdir=/usr/lib --without-included-gettext --enable-threads=posix --with-gxx-include-dir=/usr/include/c++/4.6 --libdir=/usr/lib --enable-nls --with-sysroot=/ --enable-clocale=gnu --enable-libstdcxx-debug --enable-libstdcxx-time=yes --enable-plugin --enable-objc-gc --enable-targets=all --disable-werror --with-arch-32=i686 --with-tune=generic --enable-checking=release --build=i686-linux-gnu --host=i686-linux-gnu --target=i686-linux-gnu
Thread model: posix
gcc version 4.6.1 (Ubuntu/Linaro 4.6.1-9ubuntu3) 
configure:3178: $? = 0
configure:3167: gcc -V >&5
gcc: error: unrecognized option '-V'
gcc: fatal error: no input files
compilation terminated.
configure:3178: $? = 4
configure:3167: gcc -qversion >&5
gcc: error: unrecognized option '-qversion'
gcc: fatal error: no input files
compilation terminated.
configure:3178: $? = 4
configure:3198: checking whether the C compiler works
configure:3220: gcc    conftest.c  >&5
configure:3224: $? = 0
configure:3272: result: yes
configure:3275: checking for C compiler default output file name
configure:3277: result: a.out
configure:3283: checking for suffix of executables
configure:3290: gcc -o conftest    conftest.c  >&5
configure:3294: $? = 0
configure:3316: result: 
configure:3338: checking whether we are cross compiling
configure:3346: gcc -o conftest    conftest.c  >&5
configure:3350: $? = 0
configure:3357: ./conftest
configure:3361: $? = 0
configure:3376: result: no
configure:3381: checking for suffix of object files
configure:3403: gcc -c   conftest.c >&5
configure:3407: $? = 0
configure:3428: result: o
configure:3432: checking whether we are using the GNU C compiler
configure:3451: gcc -c   conftest.c >&5
configure:3451: $? = 0
configure:3460: result: yes
configure:3469: checking whether gcc accepts -g
configure:3489: gcc -c -g  conftest.c >&5
configure:3489: $? = 0
configure:3530: result: yes
configure:3547: checking for gcc option to accept ISO C89
configure:3611: gcc  -c -g -O2  conftest.c >&5
configure:3611: $? = 0
configure:3624: result: none needed
configure:3655: checking for style of include used by make
configure:3683: result: GNU
configure:3708: checking dependency style of gcc
configure:3818: result: gcc3
configure:3910: checking how to print strings
configure:3937: result: printf
configure:3958: checking for a sed that does not truncate output
configure:4022: result: /bin/sed
configure:4040: checking for grep that handles long lines and -e
configure:4098: result: /bin/grep
configure:4103: checking for egrep
configure:4165: result: /bin/grep -E
configure:4170: checking for fgrep
configure:4232: result: /bin/grep -F
configure:4267: checking for ld used by gcc
configure:4334: result: /usr/bin/ld
configure:4341: checking if the linker (/usr/bin/ld) is GNU ld
configure:4356: result: yes
configure:4368: checking for BSD- or MS-compatible name lister (nm)
configure:4417: result: /usr/bin/nm -B
configure:4547: checking the name lister (/usr/bin/nm -B) interface
configure:4554: gcc -c -g -O2  conftest.c >&5
configure:4557: /usr/bin/nm -B "conftest.o"
configure:4560: output
00000000 B some_variable
configure:4567: result: BSD nm
configure:4570: checking whether ln -s works
configure:4574: result: yes
configure:4582: checking the maximum length of command line arguments
configure:4707: result: 1572864
configure:4724: checking whether the shell understands some XSI constructs
configure:4734: result: yes
configure:4738: checking whether the shell understands "+="
configure:4744: result: yes
configure:4779: checking how to convert i686-pc-linux-gnu file names to i686-pc-linux-gnu format
configure:4819: result: func_convert_file_noop
configure:4826: checking how to convert i686-pc-linux-gnu file names to toolchain format
configure:4846: result: func_convert_file_noop
configure:4853: checking for /usr/bin/ld option to reload object files
configure:4860: result: -r
configure:4934: checking for objdump
configure:4950: found /usr/bin/objdump
configure:4961: result: objdump
configure:4993: checking how to recognize dependent libraries
configure:5195: result: pass_all
configure:5280: checking for dlltool
configure:5310: result: no
configure:5340: checking how to associate runtime and link libraries
configure:5367: result: printf %s\n
configure:5428: checking for ar
configure:5444: found /usr/bin/ar
configure:5455: result: ar
configure:5492: checking for archiver @FILE support
configure:5509: gcc -c -g -O2  conftest.c >&5
configure:5509: $? = 0
configure:5512: ar cru libconftest.a @conftest.lst >&5
configure:5515: $? = 0
configure:5520: ar cru libconftest.a @conftest.lst >&5
ar: conftest.o: No such file or directory
configure:5523: $? = 1
configure:5535: result: @
configure:5593: checking for strip
configure:5609: found /usr/bin/strip
configure:5620: result: strip
configure:5692: checking for ranlib
configure:5708: found /usr/bin/ranlib
configure:5719: result: ranlib
configure:5821: checking command to parse /usr/bin/nm -B output from gcc object
configure:5940: gcc -c -g -O2  conftest.c >&5
configure:5943: $? = 0
configure:5947: /usr/bin/nm -B conftest.o \| sed -n -e 's/^.*[ ]\([ABCDGIRSTW][ABCDGIRSTW]*\)[ ][ ]*\([_A-Za-z][_A-Za-z0-9]*\)$/\1 \2 \2/p' | sed '/ __gnu_lto/d' \> conftest.nm
configure:5950: $? = 0
configure:6016: gcc -o conftest -g -O2   conftest.c conftstm.o >&5
configure:6019: $? = 0
configure:6057: result: ok
configure:6094: checking for sysroot
configure:6124: result: no
configure:6367: checking for mt
configure:6383: found /bin/mt
configure:6394: result: mt
configure:6417: checking if mt is a manifest tool
configure:6423: mt '-?'
configure:6431: result: no
configure:7063: checking how to run the C preprocessor
configure:7094: gcc -E  conftest.c
configure:7094: $? = 0
configure:7108: gcc -E  conftest.c
conftest.c:11:28: fatal error: ac_nonexistent.h: No such file or directory
compilation terminated.
configure:7108: $? = 1
configure: failed program was:
| /* confdefs.h */
| #define PACKAGE_NAME "memcached"
| #define PACKAGE_TARNAME "memcached"
| #define PACKAGE_VERSION "1.6.0_beta1_77_ge70f5ac"
| #define PACKAGE_STRING "memcached 1.6.0_beta1_77_ge70f5ac"
| #define PACKAGE_BUGREPORT "memcached@googlegroups.com"
| #define PACKAGE_URL ""
| #define PACKAGE "memcached"
| #define VERSION "1.6.0_beta1_77_ge70f5ac"
| /* end confdefs.h.  */
| #include <ac_nonexistent.h>
configure:7133: result: gcc -E
configure:7153: gcc -E  conftest.c
configure:7153: $? = 0
configure:7167: gcc -E  conftest.c
conftest.c:11:28: fatal error: ac_nonexistent.h: No such file or directory
compilation terminated.
configure:7167: $? = 1
configure: failed program was:
| /* confdefs.h */
| #define PACKAGE_NAME "memcached"
| #define PACKAGE_TARNAME "memcached"
| #define PACKAGE_VERSION "1.6.0_beta1_77_ge70f5ac"
| #define PACKAGE_STRING "memcached 1.6.0_beta1_77_ge70f5ac"
| #define PACKAGE_BUGREPORT "memcached@googlegroups.com"
| #define PACKAGE_URL ""
| #define PACKAGE "memcached"
| #define VERSION "1.6.0_beta1_77_ge70f5ac"
| /* end confdefs.h.  */
| #include <ac_nonexistent.h>
configure:7196: checking for ANSI C header files
configure:7216: gcc -c -g -O2  conftest.c >&5
configure:7216: $? = 0
configure:7289: gcc -o conftest -g -O2   conftest.c  >&5
configure:7289: $? = 0
configure:7289: ./conftest
configure:7289: $? = 0
configure:7300: result: yes
configure:7313: checking for sys/types.h
configure:7313: gcc -c -g -O2  conftest.c >&5
configure:7313: $? = 0
configure:7313: result: yes
configure:7313: checking for sys/stat.h
configure:7313: gcc -c -g -O2  conftest.c >&5
configure:7313: $? = 0
configure:7313: result: yes
configure:7313: checking for stdlib.h
configure:7313: gcc -c -g -O2  conftest.c >&5
configure:7313: $? = 0
configure:7313: result: yes
configure:7313: checking for string.h
configure:7313: gcc -c -g -O2  conftest.c >&5
configure:7313: $? = 0
configure:7313: result: yes
configure:7313: checking for memory.h
configure:7313: gcc -c -g -O2  conftest.c >&5
configure:7313: $? = 0
configure:7313: result: yes
configure:7313: checking for strings.h
configure:7313: gcc -c -g -O2  conftest.c >&5
configure:7313: $? = 0
configure:7313: result: yes
configure:7313: checking for inttypes.h
configure:7313: gcc -c -g -O2  conftest.c >&5
configure:7313: $? = 0
configure:7313: result: yes
configure:7313: checking for stdint.h
configure:7313: gcc -c -g -O2  conftest.c >&5
configure:7313: $? = 0
configure:7313: result: yes
configure:7313: checking for unistd.h
configure:7313: gcc -c -g -O2  conftest.c >&5
configure:7313: $? = 0
configure:7313: result: yes
configure:7327: checking for dlfcn.h
configure:7327: gcc -c -g -O2  conftest.c >&5
configure:7327: $? = 0
configure:7327: result: yes
configure:7484: checking for objdir
configure:7499: result: .libs
configure:7766: checking if gcc supports -fno-rtti -fno-exceptions
configure:7784: gcc -c -g -O2  -fno-rtti -fno-exceptions conftest.c >&5
cc1: warning: command line option '-fno-rtti' is valid for C++/ObjC++ but not for C [enabled by default]
configure:7788: $? = 0
configure:7801: result: no
configure:8111: checking for gcc option to produce PIC
configure:8118: result: -fPIC -DPIC
configure:8126: checking if gcc PIC flag -fPIC -DPIC works
configure:8144: gcc -c -g -O2  -fPIC -DPIC -DPIC conftest.c >&5
configure:8148: $? = 0
configure:8161: result: yes
configure:8190: checking if gcc static flag -static works
configure:8218: result: yes
configure:8233: checking if gcc supports -c -o file.o
configure:8254: gcc -c -g -O2  -o out/conftest2.o conftest.c >&5
configure:8258: $? = 0
configure:8280: result: yes
configure:8288: checking if gcc supports -c -o file.o
configure:8335: result: yes
configure:8368: checking whether the gcc linker (/usr/bin/ld) supports shared libraries
configure:9530: result: yes
configure:9567: checking whether -lc should be explicitly linked in
configure:9575: gcc -c -g -O2  conftest.c >&5
configure:9578: $? = 0
configure:9593: gcc -shared  -fPIC -DPIC conftest.o  -v -Wl,-soname -Wl,conftest -o conftest 2\>\&1 \| /bin/grep  -lc  \>/dev/null 2\>\&1
configure:9596: $? = 0
configure:9610: result: no
configure:9775: checking dynamic linker characteristics
configure:10290: gcc -o conftest -g -O2   -Wl,-rpath -Wl,/foo conftest.c  >&5
configure:10290: $? = 0
configure:10524: result: GNU/Linux ld.so
configure:10631: checking how to hardcode library paths into programs
configure:10656: result: immediate
configure:11196: checking whether stripping libraries is possible
configure:11201: result: yes
configure:11236: checking if libtool supports shared libraries
configure:11238: result: yes
configure:11241: checking whether to build shared libraries
configure:11262: result: yes
configure:11265: checking whether to build static libraries
configure:11269: result: no
configure:11317: checking for icc in use
configure:11326: result: no
configure:11407: checking for gcc option to accept ISO C99
configure:11556: gcc  -c -fvisibility=hidden -pthread -g -O2  conftest.c >&5
conftest.c:73:29: error: expected ';', ',' or ')' before 'text'
conftest.c: In function 'main':
conftest.c:127:18: error: expected '=', ',', ';', 'asm' or '__attribute__' before 'newvar'
conftest.c:127:18: error: 'newvar' undeclared (first use in this function)
conftest.c:127:18: note: each undeclared identifier is reported only once for each function it appears in
conftest.c:137:3: error: 'for' loop initial declarations are only allowed in C99 mode
conftest.c:137:3: note: use option -std=c99 or -std=gnu99 to compile your code
configure:11556: $? = 1
configure: failed program was:
| /* confdefs.h */
| #define PACKAGE_NAME "memcached"
| #define PACKAGE_TARNAME "memcached"
| #define PACKAGE_VERSION "1.6.0_beta1_77_ge70f5ac"
| #define PACKAGE_STRING "memcached 1.6.0_beta1_77_ge70f5ac"
| #define PACKAGE_BUGREPORT "memcached@googlegroups.com"
| #define PACKAGE_URL ""
| #define PACKAGE "memcached"
| #define VERSION "1.6.0_beta1_77_ge70f5ac"
| #define STDC_HEADERS 1
| #define HAVE_SYS_TYPES_H 1
| #define HAVE_SYS_STAT_H 1
| #define HAVE_STDLIB_H 1
| #define HAVE_STRING_H 1
| #define HAVE_MEMORY_H 1
| #define HAVE_STRINGS_H 1
| #define HAVE_INTTYPES_H 1
| #define HAVE_STDINT_H 1
| #define HAVE_UNISTD_H 1
| #define HAVE_DLFCN_H 1
| #define LT_OBJDIR ".libs/"
| /* end confdefs.h.  */
| #include <stdarg.h>
| #include <stdbool.h>
| #include <stdlib.h>
| #include <wchar.h>
| #include <stdio.h>
| 
| // Check varargs macros.  These examples are taken from C99 6.10.3.5.
| #define debug(...) fprintf (stderr, __VA_ARGS__)
| #define showlist(...) puts (#__VA_ARGS__)
| #define report(test,...) ((test) ? puts (#test) : printf (__VA_ARGS__))
| static void
| test_varargs_macros (void)
| {
|   int x = 1234;
|   int y = 5678;
|   debug ("Flag");
|   debug ("X = %d\n", x);
|   showlist (The first, second, and third items.);
|   report (x>y, "x is %d but y is %d", x, y);
| }
| 
| // Check long long types.
| #define BIG64 18446744073709551615ull
| #define BIG32 4294967295ul
| #define BIG_OK (BIG64 / BIG32 == 4294967297ull && BIG64 % BIG32 == 0)
| #if !BIG_OK
|   your preprocessor is broken;
| #endif
| #if BIG_OK
| #else
|   your preprocessor is broken;
| #endif
| static long long int bignum = -9223372036854775807LL;
| static unsigned long long int ubignum = BIG64;
| 
| struct incomplete_array
| {
|   int datasize;
|   double data[];
| };
| 
| struct named_init {
|   int number;
|   const wchar_t *name;
|   double average;
| };
| 
| typedef const char *ccp;
| 
| static inline int
| test_restrict (ccp restrict text)
| {
|   // See if C++-style comments work.
|   // Iterate through items via the restricted pointer.
|   // Also check for declarations in for loops.
|   for (unsigned int i = 0; *(text+i) != '\0'; ++i)
|     continue;
|   return 0;
| }
| 
| // Check varargs and va_copy.
| static void
| test_varargs (const char *format, ...)
| {
|   va_list args;
|   va_start (args, format);
|   va_list args_copy;
|   va_copy (args_copy, args);
| 
|   const char *str;
|   int number;
|   float fnumber;
| 
|   while (*format)
|     {
|       switch (*format++)
| 	{
| 	case 's': // string
| 	  str = va_arg (args_copy, const char *);
| 	  break;
| 	case 'd': // int
| 	  number = va_arg (args_copy, int);
| 	  break;
| 	case 'f': // float
| 	  fnumber = va_arg (args_copy, double);
| 	  break;
| 	default:
| 	  break;
| 	}
|     }
|   va_end (args_copy);
|   va_end (args);
| }
| 
| int
| main ()
| {
| 
|   // Check bool.
|   _Bool success = false;
| 
|   // Check restrict.
|   if (test_restrict ("String literal") == 0)
|     success = true;
|   char *restrict newvar = "Another string";
| 
|   // Check varargs.
|   test_varargs ("s, d' f .", "string", 65, 34.234);
|   test_varargs_macros ();
| 
|   // Check flexible array members.
|   struct incomplete_array *ia =
|     malloc (sizeof (struct incomplete_array) + (sizeof (double) * 10));
|   ia->datasize = 10;
|   for (int i = 0; i < ia->datasize; ++i)
|     ia->data[i] = i * 1.234;
| 
|   // Check named initializers.
|   struct named_init ni = {
|     .number = 34,
|     .name = L"Test wide string",
|     .average = 543.34343,
|   };
| 
|   ni.number = 58;
| 
|   int dynamic_array[ni.number];
|   dynamic_array[ni.number - 1] = 543;
| 
|   // work around unused variable warnings
|   return (!success || bignum == 0LL || ubignum == 0uLL || newvar[0] == 'x'
| 	  || dynamic_array[ni.number - 1] != 543);
| 
|   ;
|   return 0;
| }
configure:11556: gcc -std=gnu99 -c -fvisibility=hidden -pthread -g -O2  conftest.c >&5
configure:11556: $? = 0
configure:11576: result: -std=gnu99
configure:11586: checking whether gcc -std=gnu99 and cc understand -c and -o together
configure:11617: gcc -std=gnu99 -c conftest.c -o conftest2.o >&5
configure:11621: $? = 0
configure:11627: gcc -std=gnu99 -c conftest.c -o conftest2.o >&5
configure:11631: $? = 0
configure:11642: cc -c conftest.c >&5
configure:11646: $? = 0
configure:11654: cc -c conftest.c -o conftest2.o >&5
configure:11658: $? = 0
configure:11664: cc -c conftest.c -o conftest2.o >&5
configure:11668: $? = 0
configure:11686: result: yes
configure:11712: checking whether byte ordering is bigendian
configure:11727: gcc -std=gnu99 -c -fvisibility=hidden -pthread -g -O2  conftest.c >&5
conftest.c:24:9: error: unknown type name 'not'
conftest.c:24:15: error: expected '=', ',', ';', 'asm' or '__attribute__' before 'universal'
conftest.c:24:15: error: unknown type name 'universal'
configure:11727: $? = 1
configure: failed program was:
| /* confdefs.h */
| #define PACKAGE_NAME "memcached"
| #define PACKAGE_TARNAME "memcached"
| #define PACKAGE_VERSION "1.6.0_beta1_77_ge70f5ac"
| #define PACKAGE_STRING "memcached 1.6.0_beta1_77_ge70f5ac"
| #define PACKAGE_BUGREPORT "memcached@googlegroups.com"
| #define PACKAGE_URL ""
| #define PACKAGE "memcached"
| #define VERSION "1.6.0_beta1_77_ge70f5ac"
| #define STDC_HEADERS 1
| #define HAVE_SYS_TYPES_H 1
| #define HAVE_SYS_STAT_H 1
| #define HAVE_STDLIB_H 1
| #define HAVE_STRING_H 1
| #define HAVE_MEMORY_H 1
| #define HAVE_STRINGS_H 1
| #define HAVE_INTTYPES_H 1
| #define HAVE_STDINT_H 1
| #define HAVE_UNISTD_H 1
| #define HAVE_DLFCN_H 1
| #define LT_OBJDIR ".libs/"
| /* end confdefs.h.  */
| #ifndef __APPLE_CC__
| 	       not a universal capable compiler
| 	     #endif
| 	     typedef int dummy;
| 
configure:11772: gcc -std=gnu99 -c -fvisibility=hidden -pthread -g -O2  conftest.c >&5
configure:11772: $? = 0
configure:11790: gcc -std=gnu99 -c -fvisibility=hidden -pthread -g -O2  conftest.c >&5
conftest.c: In function 'main':
conftest.c:30:4: error: unknown type name 'not'
conftest.c:30:12: error: expected '=', ',', ';', 'asm' or '__attribute__' before 'endian'
configure:11790: $? = 1
configure: failed program was:
| /* confdefs.h */
| #define PACKAGE_NAME "memcached"
| #define PACKAGE_TARNAME "memcached"
| #define PACKAGE_VERSION "1.6.0_beta1_77_ge70f5ac"
| #define PACKAGE_STRING "memcached 1.6.0_beta1_77_ge70f5ac"
| #define PACKAGE_BUGREPORT "memcached@googlegroups.com"
| #define PACKAGE_URL ""
| #define PACKAGE "memcached"
| #define VERSION "1.6.0_beta1_77_ge70f5ac"
| #define STDC_HEADERS 1
| #define HAVE_SYS_TYPES_H 1
| #define HAVE_SYS_STAT_H 1
| #define HAVE_STDLIB_H 1
| #define HAVE_STRING_H 1
| #define HAVE_MEMORY_H 1
| #define HAVE_STRINGS_H 1
| #define HAVE_INTTYPES_H 1
| #define HAVE_STDINT_H 1
| #define HAVE_UNISTD_H 1
| #define HAVE_DLFCN_H 1
| #define LT_OBJDIR ".libs/"
| /* end confdefs.h.  */
| #include <sys/types.h>
| 		#include <sys/param.h>
| 
| int
| main ()
| {
| #if BYTE_ORDER != BIG_ENDIAN
| 		 not big endian
| 		#endif
| 
|   ;
|   return 0;
| }
configure:11918: result: no
configure:11974: checking for link.h
configure:11974: gcc -std=gnu99 -c -fvisibility=hidden -pthread -g -O2  conftest.c >&5
configure:11974: $? = 0
configure:11974: result: yes
configure:11974: checking for dlfcn.h
configure:11974: result: yes
configure:11974: checking for inttypes.h
configure:11974: result: yes
configure:11974: checking for umem.h
configure:11974: gcc -std=gnu99 -c -fvisibility=hidden -pthread -g -O2  conftest.c >&5
conftest.c:60:18: fatal error: umem.h: No such file or directory
compilation terminated.
configure:11974: $? = 1
configure: failed program was:
| /* confdefs.h */
| #define PACKAGE_NAME "memcached"
| #define PACKAGE_TARNAME "memcached"
| #define PACKAGE_VERSION "1.6.0_beta1_77_ge70f5ac"
| #define PACKAGE_STRING "memcached 1.6.0_beta1_77_ge70f5ac"
| #define PACKAGE_BUGREPORT "memcached@googlegroups.com"
| #define PACKAGE_URL ""
| #define PACKAGE "memcached"
| #define VERSION "1.6.0_beta1_77_ge70f5ac"
| #define STDC_HEADERS 1
| #define HAVE_SYS_TYPES_H 1
| #define HAVE_SYS_STAT_H 1
| #define HAVE_STDLIB_H 1
| #define HAVE_STRING_H 1
| #define HAVE_MEMORY_H 1
| #define HAVE_STRINGS_H 1
| #define HAVE_INTTYPES_H 1
| #define HAVE_STDINT_H 1
| #define HAVE_UNISTD_H 1
| #define HAVE_DLFCN_H 1
| #define LT_OBJDIR ".libs/"
| #define HAVE_LINK_H 1
| #define HAVE_DLFCN_H 1
| #define HAVE_INTTYPES_H 1
| /* end confdefs.h.  */
| #include <stdio.h>
| #ifdef HAVE_SYS_TYPES_H
| # include <sys/types.h>
| #endif
| #ifdef HAVE_SYS_STAT_H
| # include <sys/stat.h>
| #endif
| #ifdef STDC_HEADERS
| # include <stdlib.h>
| # include <stddef.h>
| #else
| # ifdef HAVE_STDLIB_H
| #  include <stdlib.h>
| # endif
| #endif
| #ifdef HAVE_STRING_H
| # if !defined STDC_HEADERS && defined HAVE_MEMORY_H
| #  include <memory.h>
| # endif
| # include <string.h>
| #endif
| #ifdef HAVE_STRINGS_H
| # include <strings.h>
| #endif
| #ifdef HAVE_INTTYPES_H
| # include <inttypes.h>
| #endif
| #ifdef HAVE_STDINT_H
| # include <stdint.h>
| #endif
| #ifdef HAVE_UNISTD_H
| # include <unistd.h>
| #endif
| 
| #include <umem.h>
configure:11974: result: no
configure:11974: checking for priv.h
configure:11974: gcc -std=gnu99 -c -fvisibility=hidden -pthread -g -O2  conftest.c >&5
conftest.c:60:18: fatal error: priv.h: No such file or directory
compilation terminated.
configure:11974: $? = 1
configure: failed program was:
| /* confdefs.h */
| #define PACKAGE_NAME "memcached"
| #define PACKAGE_TARNAME "memcached"
| #define PACKAGE_VERSION "1.6.0_beta1_77_ge70f5ac"
| #define PACKAGE_STRING "memcached 1.6.0_beta1_77_ge70f5ac"
| #define PACKAGE_BUGREPORT "memcached@googlegroups.com"
| #define PACKAGE_URL ""
| #define PACKAGE "memcached"
| #define VERSION "1.6.0_beta1_77_ge70f5ac"
| #define STDC_HEADERS 1
| #define HAVE_SYS_TYPES_H 1
| #define HAVE_SYS_STAT_H 1
| #define HAVE_STDLIB_H 1
| #define HAVE_STRING_H 1
| #define HAVE_MEMORY_H 1
| #define HAVE_STRINGS_H 1
| #define HAVE_INTTYPES_H 1
| #define HAVE_STDINT_H 1
| #define HAVE_UNISTD_H 1
| #define HAVE_DLFCN_H 1
| #define LT_OBJDIR ".libs/"
| #define HAVE_LINK_H 1
| #define HAVE_DLFCN_H 1
| #define HAVE_INTTYPES_H 1
| /* end confdefs.h.  */
| #include <stdio.h>
| #ifdef HAVE_SYS_TYPES_H
| # include <sys/types.h>
| #endif
| #ifdef HAVE_SYS_STAT_H
| # include <sys/stat.h>
| #endif
| #ifdef STDC_HEADERS
| # include <stdlib.h>
| # include <stddef.h>
| #else
| # ifdef HAVE_STDLIB_H
| #  include <stdlib.h>
| # endif
| #endif
| #ifdef HAVE_STRING_H
| # if !defined STDC_HEADERS && defined HAVE_MEMORY_H
| #  include <memory.h>
| # endif
| # include <string.h>
| #endif
| #ifdef HAVE_STRINGS_H
| # include <strings.h>
| #endif
| #ifdef HAVE_INTTYPES_H
| # include <inttypes.h>
| #endif
| #ifdef HAVE_STDINT_H
| # include <stdint.h>
| #endif
| #ifdef HAVE_UNISTD_H
| # include <unistd.h>
| #endif
| 
| #include <priv.h>
configure:11974: result: no
configure:11974: checking for sasl/sasl.h
configure:11974: gcc -std=gnu99 -c -fvisibility=hidden -pthread -g -O2  conftest.c >&5
conftest.c:60:23: fatal error: sasl/sasl.h: No such file or directory
compilation terminated.
configure:11974: $? = 1
configure: failed program was:
| /* confdefs.h */
| #define PACKAGE_NAME "memcached"
| #define PACKAGE_TARNAME "memcached"
| #define PACKAGE_VERSION "1.6.0_beta1_77_ge70f5ac"
| #define PACKAGE_STRING "memcached 1.6.0_beta1_77_ge70f5ac"
| #define PACKAGE_BUGREPORT "memcached@googlegroups.com"
| #define PACKAGE_URL ""
| #define PACKAGE "memcached"
| #define VERSION "1.6.0_beta1_77_ge70f5ac"
| #define STDC_HEADERS 1
| #define HAVE_SYS_TYPES_H 1
| #define HAVE_SYS_STAT_H 1
| #define HAVE_STDLIB_H 1
| #define HAVE_STRING_H 1
| #define HAVE_MEMORY_H 1
| #define HAVE_STRINGS_H 1
| #define HAVE_INTTYPES_H 1
| #define HAVE_STDINT_H 1
| #define HAVE_UNISTD_H 1
| #define HAVE_DLFCN_H 1
| #define LT_OBJDIR ".libs/"
| #define HAVE_LINK_H 1
| #define HAVE_DLFCN_H 1
| #define HAVE_INTTYPES_H 1
| /* end confdefs.h.  */
| #include <stdio.h>
| #ifdef HAVE_SYS_TYPES_H
| # include <sys/types.h>
| #endif
| #ifdef HAVE_SYS_STAT_H
| # include <sys/stat.h>
| #endif
| #ifdef STDC_HEADERS
| # include <stdlib.h>
| # include <stddef.h>
| #else
| # ifdef HAVE_STDLIB_H
| #  include <stdlib.h>
| # endif
| #endif
| #ifdef HAVE_STRING_H
| # if !defined STDC_HEADERS && defined HAVE_MEMORY_H
| #  include <memory.h>
| # endif
| # include <string.h>
| #endif
| #ifdef HAVE_STRINGS_H
| # include <strings.h>
| #endif
| #ifdef HAVE_INTTYPES_H
| # include <inttypes.h>
| #endif
| #ifdef HAVE_STDINT_H
| # include <stdint.h>
| #endif
| #ifdef HAVE_UNISTD_H
| # include <unistd.h>
| #endif
| 
| #include <sasl/sasl.h>
configure:11974: result: no
configure:11974: checking for sysexits.h
configure:11974: gcc -std=gnu99 -c -fvisibility=hidden -pthread -g -O2  conftest.c >&5
configure:11974: $? = 0
configure:11974: result: yes
configure:11974: checking for sys/wait.h
configure:11974: gcc -std=gnu99 -c -fvisibility=hidden -pthread -g -O2  conftest.c >&5
configure:11974: $? = 0
configure:11974: result: yes
configure:11974: checking for sys/socket.h
configure:11974: gcc -std=gnu99 -c -fvisibility=hidden -pthread -g -O2  conftest.c >&5
configure:11974: $? = 0
configure:11974: result: yes
configure:11974: checking for netinet/in.h
configure:11974: gcc -std=gnu99 -c -fvisibility=hidden -pthread -g -O2  conftest.c >&5
configure:11974: $? = 0
configure:11974: result: yes
configure:11974: checking for netdb.h
configure:11974: gcc -std=gnu99 -c -fvisibility=hidden -pthread -g -O2  conftest.c >&5
configure:11974: $? = 0
configure:11974: result: yes
configure:11974: checking for unistd.h
configure:11974: result: yes
configure:11974: checking for sys/un.h
configure:11974: gcc -std=gnu99 -c -fvisibility=hidden -pthread -g -O2  conftest.c >&5
configure:11974: $? = 0
configure:11974: result: yes
configure:11974: checking for sys/stat.h
configure:11974: result: yes
configure:11974: checking for sys/resource.h
configure:11974: gcc -std=gnu99 -c -fvisibility=hidden -pthread -g -O2  conftest.c >&5
configure:11974: $? = 0
configure:11974: result: yes
configure:11974: checking for sys/uio.h
configure:11974: gcc -std=gnu99 -c -fvisibility=hidden -pthread -g -O2  conftest.c >&5
configure:11974: $? = 0
configure:11974: result: yes
configure:11974: checking for netinet/tcp.h
configure:11974: gcc -std=gnu99 -c -fvisibility=hidden -pthread -g -O2  conftest.c >&5
configure:11974: $? = 0
configure:11974: result: yes
configure:11974: checking for pwd.h
configure:11974: gcc -std=gnu99 -c -fvisibility=hidden -pthread -g -O2  conftest.c >&5
configure:11974: $? = 0
configure:11974: result: yes
configure:11974: checking for sys/mman.h
configure:11974: gcc -std=gnu99 -c -fvisibility=hidden -pthread -g -O2  conftest.c >&5
configure:11974: $? = 0
configure:11974: result: yes
configure:11974: checking for syslog.h
configure:11974: gcc -std=gnu99 -c -fvisibility=hidden -pthread -g -O2  conftest.c >&5
configure:11974: $? = 0
configure:11974: result: yes
configure:11974: checking for windows.h
configure:11974: gcc -std=gnu99 -c -fvisibility=hidden -pthread -g -O2  conftest.c >&5
conftest.c:74:21: fatal error: windows.h: No such file or directory
compilation terminated.
configure:11974: $? = 1
configure: failed program was:
| /* confdefs.h */
| #define PACKAGE_NAME "memcached"
| #define PACKAGE_TARNAME "memcached"
| #define PACKAGE_VERSION "1.6.0_beta1_77_ge70f5ac"
| #define PACKAGE_STRING "memcached 1.6.0_beta1_77_ge70f5ac"
| #define PACKAGE_BUGREPORT "memcached@googlegroups.com"
| #define PACKAGE_URL ""
| #define PACKAGE "memcached"
| #define VERSION "1.6.0_beta1_77_ge70f5ac"
| #define STDC_HEADERS 1
| #define HAVE_SYS_TYPES_H 1
| #define HAVE_SYS_STAT_H 1
| #define HAVE_STDLIB_H 1
| #define HAVE_STRING_H 1
| #define HAVE_MEMORY_H 1
| #define HAVE_STRINGS_H 1
| #define HAVE_INTTYPES_H 1
| #define HAVE_STDINT_H 1
| #define HAVE_UNISTD_H 1
| #define HAVE_DLFCN_H 1
| #define LT_OBJDIR ".libs/"
| #define HAVE_LINK_H 1
| #define HAVE_DLFCN_H 1
| #define HAVE_INTTYPES_H 1
| #define HAVE_SYSEXITS_H 1
| #define HAVE_SYS_WAIT_H 1
| #define HAVE_SYS_SOCKET_H 1
| #define HAVE_NETINET_IN_H 1
| #define HAVE_NETDB_H 1
| #define HAVE_UNISTD_H 1
| #define HAVE_SYS_UN_H 1
| #define HAVE_SYS_STAT_H 1
| #define HAVE_SYS_RESOURCE_H 1
| #define HAVE_SYS_UIO_H 1
| #define HAVE_NETINET_TCP_H 1
| #define HAVE_PWD_H 1
| #define HAVE_SYS_MMAN_H 1
| #define HAVE_SYSLOG_H 1
| /* end confdefs.h.  */
| #include <stdio.h>
| #ifdef HAVE_SYS_TYPES_H
| # include <sys/types.h>
| #endif
| #ifdef HAVE_SYS_STAT_H
| # include <sys/stat.h>
| #endif
| #ifdef STDC_HEADERS
| # include <stdlib.h>
| # include <stddef.h>
| #else
| # ifdef HAVE_STDLIB_H
| #  include <stdlib.h>
| # endif
| #endif
| #ifdef HAVE_STRING_H
| # if !defined STDC_HEADERS && defined HAVE_MEMORY_H
| #  include <memory.h>
| # endif
| # include <string.h>
| #endif
| #ifdef HAVE_STRINGS_H
| # include <strings.h>
| #endif
| #ifdef HAVE_INTTYPES_H
| # include <inttypes.h>
| #endif
| #ifdef HAVE_STDINT_H
| # include <stdint.h>
| #endif
| #ifdef HAVE_UNISTD_H
| # include <unistd.h>
| #endif
| 
| #include <windows.h>
configure:11974: result: no
configure:12565: checking for library containing clock_gettime
configure:12596: gcc -std=gnu99 -o conftest -fvisibility=hidden -pthread -g -O2   conftest.c  >&5
/tmp/cc1PfhqI.o: In function `main':
/home/fviale/Desarrollo/Workspace/C/memcached-1.6/conftest.c:51: undefined reference to `clock_gettime'
collect2: ld returned 1 exit status
configure:12596: $? = 1
configure: failed program was:
| /* confdefs.h */
| #define PACKAGE_NAME "memcached"
| #define PACKAGE_TARNAME "memcached"
| #define PACKAGE_VERSION "1.6.0_beta1_77_ge70f5ac"
| #define PACKAGE_STRING "memcached 1.6.0_beta1_77_ge70f5ac"
| #define PACKAGE_BUGREPORT "memcached@googlegroups.com"
| #define PACKAGE_URL ""
| #define PACKAGE "memcached"
| #define VERSION "1.6.0_beta1_77_ge70f5ac"
| #define STDC_HEADERS 1
| #define HAVE_SYS_TYPES_H 1
| #define HAVE_SYS_STAT_H 1
| #define HAVE_STDLIB_H 1
| #define HAVE_STRING_H 1
| #define HAVE_MEMORY_H 1
| #define HAVE_STRINGS_H 1
| #define HAVE_INTTYPES_H 1
| #define HAVE_STDINT_H 1
| #define HAVE_UNISTD_H 1
| #define HAVE_DLFCN_H 1
| #define LT_OBJDIR ".libs/"
| #define HAVE_LINK_H 1
| #define HAVE_DLFCN_H 1
| #define HAVE_INTTYPES_H 1
| #define HAVE_SYSEXITS_H 1
| #define HAVE_SYS_WAIT_H 1
| #define HAVE_SYS_SOCKET_H 1
| #define HAVE_NETINET_IN_H 1
| #define HAVE_NETDB_H 1
| #define HAVE_UNISTD_H 1
| #define HAVE_SYS_UN_H 1
| #define HAVE_SYS_STAT_H 1
| #define HAVE_SYS_RESOURCE_H 1
| #define HAVE_SYS_UIO_H 1
| #define HAVE_NETINET_TCP_H 1
| #define HAVE_PWD_H 1
| #define HAVE_SYS_MMAN_H 1
| #define HAVE_SYSLOG_H 1
| /* end confdefs.h.  */
| 
| /* Override any GCC internal prototype to avoid an error.
|    Use char because int might match the return type of a GCC
|    builtin and then its argument prototype would still apply.  */
| #ifdef __cplusplus
| extern "C"
| #endif
| char clock_gettime ();
| int
| main ()
| {
| return clock_gettime ();
|   ;
|   return 0;
| }
configure:12596: gcc -std=gnu99 -o conftest -fvisibility=hidden -pthread -g -O2   conftest.c -lrt   >&5
configure:12596: $? = 0
configure:12613: result: -lrt
configure:12623: checking for library containing socket
configure:12654: gcc -std=gnu99 -o conftest -fvisibility=hidden -pthread -g -O2   conftest.c -lrt  >&5
configure:12654: $? = 0
configure:12671: result: none required
configure:12679: checking for library containing gethostbyname
configure:12710: gcc -std=gnu99 -o conftest -fvisibility=hidden -pthread -g -O2   conftest.c -lrt  >&5
configure:12710: $? = 0
configure:12727: result: none required
configure:12897: checking for bundled libevent
configure:12904: result: no
configure:12930: checking for libevent directory
configure:12974: gcc -std=gnu99 -o conftest -fvisibility=hidden -pthread -g -O2   conftest.c -lrt  -levent >&5
configure:12974: $? = 0
configure:13026: gcc -std=gnu99 -o conftest -fvisibility=hidden -pthread -g -O2   conftest.c -lrt  -levent >&5
configure:13026: $? = 0
configure:13052: result: (system)
configure:13091: checking for library containing umem_cache_create
configure:13122: gcc -std=gnu99 -o conftest -fvisibility=hidden -pthread -g -O2   conftest.c  >&5
/tmp/ccpcrnJe.o: In function `main':
/home/fviale/Desarrollo/Workspace/C/memcached-1.6/conftest.c:51: undefined reference to `umem_cache_create'
collect2: ld returned 1 exit status
configure:13122: $? = 1
configure: failed program was:
| /* confdefs.h */
| #define PACKAGE_NAME "memcached"
| #define PACKAGE_TARNAME "memcached"
| #define PACKAGE_VERSION "1.6.0_beta1_77_ge70f5ac"
| #define PACKAGE_STRING "memcached 1.6.0_beta1_77_ge70f5ac"
| #define PACKAGE_BUGREPORT "memcached@googlegroups.com"
| #define PACKAGE_URL ""
| #define PACKAGE "memcached"
| #define VERSION "1.6.0_beta1_77_ge70f5ac"
| #define STDC_HEADERS 1
| #define HAVE_SYS_TYPES_H 1
| #define HAVE_SYS_STAT_H 1
| #define HAVE_STDLIB_H 1
| #define HAVE_STRING_H 1
| #define HAVE_MEMORY_H 1
| #define HAVE_STRINGS_H 1
| #define HAVE_INTTYPES_H 1
| #define HAVE_STDINT_H 1
| #define HAVE_UNISTD_H 1
| #define HAVE_DLFCN_H 1
| #define LT_OBJDIR ".libs/"
| #define HAVE_LINK_H 1
| #define HAVE_DLFCN_H 1
| #define HAVE_INTTYPES_H 1
| #define HAVE_SYSEXITS_H 1
| #define HAVE_SYS_WAIT_H 1
| #define HAVE_SYS_SOCKET_H 1
| #define HAVE_NETINET_IN_H 1
| #define HAVE_NETDB_H 1
| #define HAVE_UNISTD_H 1
| #define HAVE_SYS_UN_H 1
| #define HAVE_SYS_STAT_H 1
| #define HAVE_SYS_RESOURCE_H 1
| #define HAVE_SYS_UIO_H 1
| #define HAVE_NETINET_TCP_H 1
| #define HAVE_PWD_H 1
| #define HAVE_SYS_MMAN_H 1
| #define HAVE_SYSLOG_H 1
| /* end confdefs.h.  */
| 
| /* Override any GCC internal prototype to avoid an error.
|    Use char because int might match the return type of a GCC
|    builtin and then its argument prototype would still apply.  */
| #ifdef __cplusplus
| extern "C"
| #endif
| char umem_cache_create ();
| int
| main ()
| {
| return umem_cache_create ();
|   ;
|   return 0;
| }
configure:13122: gcc -std=gnu99 -o conftest -fvisibility=hidden -pthread -g -O2   conftest.c -lumem   >&5
/usr/bin/ld: cannot find -lumem
collect2: ld returned 1 exit status
configure:13122: $? = 1
configure: failed program was:
| /* confdefs.h */
| #define PACKAGE_NAME "memcached"
| #define PACKAGE_TARNAME "memcached"
| #define PACKAGE_VERSION "1.6.0_beta1_77_ge70f5ac"
| #define PACKAGE_STRING "memcached 1.6.0_beta1_77_ge70f5ac"
| #define PACKAGE_BUGREPORT "memcached@googlegroups.com"
| #define PACKAGE_URL ""
| #define PACKAGE "memcached"
| #define VERSION "1.6.0_beta1_77_ge70f5ac"
| #define STDC_HEADERS 1
| #define HAVE_SYS_TYPES_H 1
| #define HAVE_SYS_STAT_H 1
| #define HAVE_STDLIB_H 1
| #define HAVE_STRING_H 1
| #define HAVE_MEMORY_H 1
| #define HAVE_STRINGS_H 1
| #define HAVE_INTTYPES_H 1
| #define HAVE_STDINT_H 1
| #define HAVE_UNISTD_H 1
| #define HAVE_DLFCN_H 1
| #define LT_OBJDIR ".libs/"
| #define HAVE_LINK_H 1
| #define HAVE_DLFCN_H 1
| #define HAVE_INTTYPES_H 1
| #define HAVE_SYSEXITS_H 1
| #define HAVE_SYS_WAIT_H 1
| #define HAVE_SYS_SOCKET_H 1
| #define HAVE_NETINET_IN_H 1
| #define HAVE_NETDB_H 1
| #define HAVE_UNISTD_H 1
| #define HAVE_SYS_UN_H 1
| #define HAVE_SYS_STAT_H 1
| #define HAVE_SYS_RESOURCE_H 1
| #define HAVE_SYS_UIO_H 1
| #define HAVE_NETINET_TCP_H 1
| #define HAVE_PWD_H 1
| #define HAVE_SYS_MMAN_H 1
| #define HAVE_SYSLOG_H 1
| /* end confdefs.h.  */
| 
| /* Override any GCC internal prototype to avoid an error.
|    Use char because int might match the return type of a GCC
|    builtin and then its argument prototype would still apply.  */
| #ifdef __cplusplus
| extern "C"
| #endif
| char umem_cache_create ();
| int
| main ()
| {
| return umem_cache_create ();
|   ;
|   return 0;
| }
configure:13139: result: no
configure:13155: checking for library containing gethugepagesizes
configure:13186: gcc -std=gnu99 -o conftest -fvisibility=hidden -pthread -g -O2   conftest.c  >&5
/tmp/ccyJ8p59.o: In function `main':
/home/fviale/Desarrollo/Workspace/C/memcached-1.6/conftest.c:51: undefined reference to `gethugepagesizes'
collect2: ld returned 1 exit status
configure:13186: $? = 1
configure: failed program was:
| /* confdefs.h */
| #define PACKAGE_NAME "memcached"
| #define PACKAGE_TARNAME "memcached"
| #define PACKAGE_VERSION "1.6.0_beta1_77_ge70f5ac"
| #define PACKAGE_STRING "memcached 1.6.0_beta1_77_ge70f5ac"
| #define PACKAGE_BUGREPORT "memcached@googlegroups.com"
| #define PACKAGE_URL ""
| #define PACKAGE "memcached"
| #define VERSION "1.6.0_beta1_77_ge70f5ac"
| #define STDC_HEADERS 1
| #define HAVE_SYS_TYPES_H 1
| #define HAVE_SYS_STAT_H 1
| #define HAVE_STDLIB_H 1
| #define HAVE_STRING_H 1
| #define HAVE_MEMORY_H 1
| #define HAVE_STRINGS_H 1
| #define HAVE_INTTYPES_H 1
| #define HAVE_STDINT_H 1
| #define HAVE_UNISTD_H 1
| #define HAVE_DLFCN_H 1
| #define LT_OBJDIR ".libs/"
| #define HAVE_LINK_H 1
| #define HAVE_DLFCN_H 1
| #define HAVE_INTTYPES_H 1
| #define HAVE_SYSEXITS_H 1
| #define HAVE_SYS_WAIT_H 1
| #define HAVE_SYS_SOCKET_H 1
| #define HAVE_NETINET_IN_H 1
| #define HAVE_NETDB_H 1
| #define HAVE_UNISTD_H 1
| #define HAVE_SYS_UN_H 1
| #define HAVE_SYS_STAT_H 1
| #define HAVE_SYS_RESOURCE_H 1
| #define HAVE_SYS_UIO_H 1
| #define HAVE_NETINET_TCP_H 1
| #define HAVE_PWD_H 1
| #define HAVE_SYS_MMAN_H 1
| #define HAVE_SYSLOG_H 1
| /* end confdefs.h.  */
| 
| /* Override any GCC internal prototype to avoid an error.
|    Use char because int might match the return type of a GCC
|    builtin and then its argument prototype would still apply.  */
| #ifdef __cplusplus
| extern "C"
| #endif
| char gethugepagesizes ();
| int
| main ()
| {
| return gethugepagesizes ();
|   ;
|   return 0;
| }
configure:13186: gcc -std=gnu99 -o conftest -fvisibility=hidden -pthread -g -O2   conftest.c -lhugetlbfs   >&5
/usr/bin/ld: cannot find -lhugetlbfs
collect2: ld returned 1 exit status
configure:13186: $? = 1
configure: failed program was:
| /* confdefs.h */
| #define PACKAGE_NAME "memcached"
| #define PACKAGE_TARNAME "memcached"
| #define PACKAGE_VERSION "1.6.0_beta1_77_ge70f5ac"
| #define PACKAGE_STRING "memcached 1.6.0_beta1_77_ge70f5ac"
| #define PACKAGE_BUGREPORT "memcached@googlegroups.com"
| #define PACKAGE_URL ""
| #define PACKAGE "memcached"
| #define VERSION "1.6.0_beta1_77_ge70f5ac"
| #define STDC_HEADERS 1
| #define HAVE_SYS_TYPES_H 1
| #define HAVE_SYS_STAT_H 1
| #define HAVE_STDLIB_H 1
| #define HAVE_STRING_H 1
| #define HAVE_MEMORY_H 1
| #define HAVE_STRINGS_H 1
| #define HAVE_INTTYPES_H 1
| #define HAVE_STDINT_H 1
| #define HAVE_UNISTD_H 1
| #define HAVE_DLFCN_H 1
| #define LT_OBJDIR ".libs/"
| #define HAVE_LINK_H 1
| #define HAVE_DLFCN_H 1
| #define HAVE_INTTYPES_H 1
| #define HAVE_SYSEXITS_H 1
| #define HAVE_SYS_WAIT_H 1
| #define HAVE_SYS_SOCKET_H 1
| #define HAVE_NETINET_IN_H 1
| #define HAVE_NETDB_H 1
| #define HAVE_UNISTD_H 1
| #define HAVE_SYS_UN_H 1
| #define HAVE_SYS_STAT_H 1
| #define HAVE_SYS_RESOURCE_H 1
| #define HAVE_SYS_UIO_H 1
| #define HAVE_NETINET_TCP_H 1
| #define HAVE_PWD_H 1
| #define HAVE_SYS_MMAN_H 1
| #define HAVE_SYSLOG_H 1
| /* end confdefs.h.  */
| 
| /* Override any GCC internal prototype to avoid an error.
|    Use char because int might match the return type of a GCC
|    builtin and then its argument prototype would still apply.  */
| #ifdef __cplusplus
| extern "C"
| #endif
| char gethugepagesizes ();
| int
| main ()
| {
| return gethugepagesizes ();
|   ;
|   return 0;
| }
configure:13203: result: no
configure:13219: checking for library containing dlopen
configure:13250: gcc -std=gnu99 -o conftest -fvisibility=hidden -pthread -g -O2   conftest.c  >&5
/tmp/ccMe99Dl.o: In function `main':
/home/fviale/Desarrollo/Workspace/C/memcached-1.6/conftest.c:51: undefined reference to `dlopen'
collect2: ld returned 1 exit status
configure:13250: $? = 1
configure: failed program was:
| /* confdefs.h */
| #define PACKAGE_NAME "memcached"
| #define PACKAGE_TARNAME "memcached"
| #define PACKAGE_VERSION "1.6.0_beta1_77_ge70f5ac"
| #define PACKAGE_STRING "memcached 1.6.0_beta1_77_ge70f5ac"
| #define PACKAGE_BUGREPORT "memcached@googlegroups.com"
| #define PACKAGE_URL ""
| #define PACKAGE "memcached"
| #define VERSION "1.6.0_beta1_77_ge70f5ac"
| #define STDC_HEADERS 1
| #define HAVE_SYS_TYPES_H 1
| #define HAVE_SYS_STAT_H 1
| #define HAVE_STDLIB_H 1
| #define HAVE_STRING_H 1
| #define HAVE_MEMORY_H 1
| #define HAVE_STRINGS_H 1
| #define HAVE_INTTYPES_H 1
| #define HAVE_STDINT_H 1
| #define HAVE_UNISTD_H 1
| #define HAVE_DLFCN_H 1
| #define LT_OBJDIR ".libs/"
| #define HAVE_LINK_H 1
| #define HAVE_DLFCN_H 1
| #define HAVE_INTTYPES_H 1
| #define HAVE_SYSEXITS_H 1
| #define HAVE_SYS_WAIT_H 1
| #define HAVE_SYS_SOCKET_H 1
| #define HAVE_NETINET_IN_H 1
| #define HAVE_NETDB_H 1
| #define HAVE_UNISTD_H 1
| #define HAVE_SYS_UN_H 1
| #define HAVE_SYS_STAT_H 1
| #define HAVE_SYS_RESOURCE_H 1
| #define HAVE_SYS_UIO_H 1
| #define HAVE_NETINET_TCP_H 1
| #define HAVE_PWD_H 1
| #define HAVE_SYS_MMAN_H 1
| #define HAVE_SYSLOG_H 1
| /* end confdefs.h.  */
| 
| /* Override any GCC internal prototype to avoid an error.
|    Use char because int might match the return type of a GCC
|    builtin and then its argument prototype would still apply.  */
| #ifdef __cplusplus
| extern "C"
| #endif
| char dlopen ();
| int
| main ()
| {
| return dlopen ();
|   ;
|   return 0;
| }
configure:13250: gcc -std=gnu99 -o conftest -fvisibility=hidden -pthread -g -O2   conftest.c -ldl   >&5
configure:13250: $? = 0
configure:13267: result: -ldl
configure:13283: checking for library containing log
configure:13314: gcc -std=gnu99 -o conftest -fvisibility=hidden -pthread -g -O2   conftest.c  >&5
conftest.c:47:6: warning: conflicting types for built-in function 'log' [enabled by default]
/tmp/cc68yz8r.o: In function `main':
/home/fviale/Desarrollo/Workspace/C/memcached-1.6/conftest.c:51: undefined reference to `log'
collect2: ld returned 1 exit status
configure:13314: $? = 1
configure: failed program was:
| /* confdefs.h */
| #define PACKAGE_NAME "memcached"
| #define PACKAGE_TARNAME "memcached"
| #define PACKAGE_VERSION "1.6.0_beta1_77_ge70f5ac"
| #define PACKAGE_STRING "memcached 1.6.0_beta1_77_ge70f5ac"
| #define PACKAGE_BUGREPORT "memcached@googlegroups.com"
| #define PACKAGE_URL ""
| #define PACKAGE "memcached"
| #define VERSION "1.6.0_beta1_77_ge70f5ac"
| #define STDC_HEADERS 1
| #define HAVE_SYS_TYPES_H 1
| #define HAVE_SYS_STAT_H 1
| #define HAVE_STDLIB_H 1
| #define HAVE_STRING_H 1
| #define HAVE_MEMORY_H 1
| #define HAVE_STRINGS_H 1
| #define HAVE_INTTYPES_H 1
| #define HAVE_STDINT_H 1
| #define HAVE_UNISTD_H 1
| #define HAVE_DLFCN_H 1
| #define LT_OBJDIR ".libs/"
| #define HAVE_LINK_H 1
| #define HAVE_DLFCN_H 1
| #define HAVE_INTTYPES_H 1
| #define HAVE_SYSEXITS_H 1
| #define HAVE_SYS_WAIT_H 1
| #define HAVE_SYS_SOCKET_H 1
| #define HAVE_NETINET_IN_H 1
| #define HAVE_NETDB_H 1
| #define HAVE_UNISTD_H 1
| #define HAVE_SYS_UN_H 1
| #define HAVE_SYS_STAT_H 1
| #define HAVE_SYS_RESOURCE_H 1
| #define HAVE_SYS_UIO_H 1
| #define HAVE_NETINET_TCP_H 1
| #define HAVE_PWD_H 1
| #define HAVE_SYS_MMAN_H 1
| #define HAVE_SYSLOG_H 1
| /* end confdefs.h.  */
| 
| /* Override any GCC internal prototype to avoid an error.
|    Use char because int might match the return type of a GCC
|    builtin and then its argument prototype would still apply.  */
| #ifdef __cplusplus
| extern "C"
| #endif
| char log ();
| int
| main ()
| {
| return log ();
|   ;
|   return 0;
| }
configure:13314: gcc -std=gnu99 -o conftest -fvisibility=hidden -pthread -g -O2   conftest.c -lm   >&5
conftest.c:47:6: warning: conflicting types for built-in function 'log' [enabled by default]
configure:13314: $? = 0
configure:13331: result: -lm
configure:13346: checking for stdbool.h that conforms to C99
configure:13413: gcc -std=gnu99 -c -fvisibility=hidden -pthread -g -O2  conftest.c >&5
configure:13413: $? = 0
configure:13420: result: yes
configure:13422: checking for _Bool
configure:13422: gcc -std=gnu99 -c -fvisibility=hidden -pthread -g -O2  conftest.c >&5
configure:13422: $? = 0
configure:13422: gcc -std=gnu99 -c -fvisibility=hidden -pthread -g -O2  conftest.c >&5
conftest.c: In function 'main':
conftest.c:76:20: error: expected expression before ')' token
configure:13422: $? = 1
configure: failed program was:
| /* confdefs.h */
| #define PACKAGE_NAME "memcached"
| #define PACKAGE_TARNAME "memcached"
| #define PACKAGE_VERSION "1.6.0_beta1_77_ge70f5ac"
| #define PACKAGE_STRING "memcached 1.6.0_beta1_77_ge70f5ac"
| #define PACKAGE_BUGREPORT "memcached@googlegroups.com"
| #define PACKAGE_URL ""
| #define PACKAGE "memcached"
| #define VERSION "1.6.0_beta1_77_ge70f5ac"
| #define STDC_HEADERS 1
| #define HAVE_SYS_TYPES_H 1
| #define HAVE_SYS_STAT_H 1
| #define HAVE_STDLIB_H 1
| #define HAVE_STRING_H 1
| #define HAVE_MEMORY_H 1
| #define HAVE_STRINGS_H 1
| #define HAVE_INTTYPES_H 1
| #define HAVE_STDINT_H 1
| #define HAVE_UNISTD_H 1
| #define HAVE_DLFCN_H 1
| #define LT_OBJDIR ".libs/"
| #define HAVE_LINK_H 1
| #define HAVE_DLFCN_H 1
| #define HAVE_INTTYPES_H 1
| #define HAVE_SYSEXITS_H 1
| #define HAVE_SYS_WAIT_H 1
| #define HAVE_SYS_SOCKET_H 1
| #define HAVE_NETINET_IN_H 1
| #define HAVE_NETDB_H 1
| #define HAVE_UNISTD_H 1
| #define HAVE_SYS_UN_H 1
| #define HAVE_SYS_STAT_H 1
| #define HAVE_SYS_RESOURCE_H 1
| #define HAVE_SYS_UIO_H 1
| #define HAVE_NETINET_TCP_H 1
| #define HAVE_PWD_H 1
| #define HAVE_SYS_MMAN_H 1
| #define HAVE_SYSLOG_H 1
| /* end confdefs.h.  */
| #include <stdio.h>
| #ifdef HAVE_SYS_TYPES_H
| # include <sys/types.h>
| #endif
| #ifdef HAVE_SYS_STAT_H
| # include <sys/stat.h>
| #endif
| #ifdef STDC_HEADERS
| # include <stdlib.h>
| # include <stddef.h>
| #else
| # ifdef HAVE_STDLIB_H
| #  include <stdlib.h>
| # endif
| #endif
| #ifdef HAVE_STRING_H
| # if !defined STDC_HEADERS && defined HAVE_MEMORY_H
| #  include <memory.h>
| # endif
| # include <string.h>
| #endif
| #ifdef HAVE_STRINGS_H
| # include <strings.h>
| #endif
| #ifdef HAVE_INTTYPES_H
| # include <inttypes.h>
| #endif
| #ifdef HAVE_STDINT_H
| # include <stdint.h>
| #endif
| #ifdef HAVE_UNISTD_H
| # include <unistd.h>
| #endif
| int
| main ()
| {
| if (sizeof ((_Bool)))
| 	    return 0;
|   ;
|   return 0;
| }
configure:13422: result: yes
configure:13444: checking for print macros for integers (C99 section 7.8.1)
configure:13468: gcc -std=gnu99 -c -fvisibility=hidden -pthread -g -O2  conftest.c >&5
configure:13468: $? = 0
configure:13476: result: yes
configure:13492: checking for an ANSI C-conforming const
configure:13557: gcc -std=gnu99 -c -fvisibility=hidden -pthread -g -O2  conftest.c >&5
configure:13557: $? = 0
configure:13564: result: yes
configure:13575: checking for socklen_t
configure:13597: gcc -std=gnu99 -c -fvisibility=hidden -pthread -g -O2  conftest.c >&5
configure:13597: $? = 0
configure:13609: result: yes
configure:13621: checking for htonll
configure:13643: gcc -std=gnu99 -o conftest -fvisibility=hidden -pthread -g -O2   conftest.c -lrt  >&5
conftest.c:46:23: warning: extra tokens at end of #include directive [enabled by default]
conftest.c: In function 'main':
conftest.c:53:11: warning: implicit declaration of function 'htonll' [-Wimplicit-function-declaration]
/tmp/cc0C8kXW.o: In function `main':
/home/fviale/Desarrollo/Workspace/C/memcached-1.6/conftest.c:53: undefined reference to `htonll'
collect2: ld returned 1 exit status
configure:13643: $? = 1
configure: failed program was:
| /* confdefs.h */
| #define PACKAGE_NAME "memcached"
| #define PACKAGE_TARNAME "memcached"
| #define PACKAGE_VERSION "1.6.0_beta1_77_ge70f5ac"
| #define PACKAGE_STRING "memcached 1.6.0_beta1_77_ge70f5ac"
| #define PACKAGE_BUGREPORT "memcached@googlegroups.com"
| #define PACKAGE_URL ""
| #define PACKAGE "memcached"
| #define VERSION "1.6.0_beta1_77_ge70f5ac"
| #define STDC_HEADERS 1
| #define HAVE_SYS_TYPES_H 1
| #define HAVE_SYS_STAT_H 1
| #define HAVE_STDLIB_H 1
| #define HAVE_STRING_H 1
| #define HAVE_MEMORY_H 1
| #define HAVE_STRINGS_H 1
| #define HAVE_INTTYPES_H 1
| #define HAVE_STDINT_H 1
| #define HAVE_UNISTD_H 1
| #define HAVE_DLFCN_H 1
| #define LT_OBJDIR ".libs/"
| #define HAVE_LINK_H 1
| #define HAVE_DLFCN_H 1
| #define HAVE_INTTYPES_H 1
| #define HAVE_SYSEXITS_H 1
| #define HAVE_SYS_WAIT_H 1
| #define HAVE_SYS_SOCKET_H 1
| #define HAVE_NETINET_IN_H 1
| #define HAVE_NETDB_H 1
| #define HAVE_UNISTD_H 1
| #define HAVE_SYS_UN_H 1
| #define HAVE_SYS_STAT_H 1
| #define HAVE_SYS_RESOURCE_H 1
| #define HAVE_SYS_UIO_H 1
| #define HAVE_NETINET_TCP_H 1
| #define HAVE_PWD_H 1
| #define HAVE_SYS_MMAN_H 1
| #define HAVE_SYSLOG_H 1
| #define HAVE__BOOL 1
| #define HAVE_STDBOOL_H 1
| /* end confdefs.h.  */
| 
| #include <sys/types.h>
| #include <netinet/in.h>
| #ifdef HAVE_INTTYPES_H
| #include <inttypes.h> */
| #endif
| 
| int
| main ()
| {
| 
|           return htonll(0);
| 
|   ;
|   return 0;
| }
configure:13658: result: no
configure:13662: checking for library containing pthread_create
configure:13693: gcc -std=gnu99 -o conftest -fvisibility=hidden -pthread -g -O2   conftest.c -lrt  >&5
configure:13693: $? = 0
configure:13710: result: none required
configure:13724: checking for mlockall
configure:13724: gcc -std=gnu99 -o conftest -fvisibility=hidden -pthread -g -O2   conftest.c -lrt  >&5
configure:13724: $? = 0
configure:13724: result: yes
configure:13735: checking for getpagesizes
configure:13735: gcc -std=gnu99 -o conftest -fvisibility=hidden -pthread -g -O2   conftest.c -lrt  >&5
/tmp/ccobM858.o: In function `main':
/home/fviale/Desarrollo/Workspace/C/memcached-1.6/conftest.c:77: undefined reference to `getpagesizes'
collect2: ld returned 1 exit status
configure:13735: $? = 1
configure: failed program was:
| /* confdefs.h */
| #define PACKAGE_NAME "memcached"
| #define PACKAGE_TARNAME "memcached"
| #define PACKAGE_VERSION "1.6.0_beta1_77_ge70f5ac"
| #define PACKAGE_STRING "memcached 1.6.0_beta1_77_ge70f5ac"
| #define PACKAGE_BUGREPORT "memcached@googlegroups.com"
| #define PACKAGE_URL ""
| #define PACKAGE "memcached"
| #define VERSION "1.6.0_beta1_77_ge70f5ac"
| #define STDC_HEADERS 1
| #define HAVE_SYS_TYPES_H 1
| #define HAVE_SYS_STAT_H 1
| #define HAVE_STDLIB_H 1
| #define HAVE_STRING_H 1
| #define HAVE_MEMORY_H 1
| #define HAVE_STRINGS_H 1
| #define HAVE_INTTYPES_H 1
| #define HAVE_STDINT_H 1
| #define HAVE_UNISTD_H 1
| #define HAVE_DLFCN_H 1
| #define LT_OBJDIR ".libs/"
| #define HAVE_LINK_H 1
| #define HAVE_DLFCN_H 1
| #define HAVE_INTTYPES_H 1
| #define HAVE_SYSEXITS_H 1
| #define HAVE_SYS_WAIT_H 1
| #define HAVE_SYS_SOCKET_H 1
| #define HAVE_NETINET_IN_H 1
| #define HAVE_NETDB_H 1
| #define HAVE_UNISTD_H 1
| #define HAVE_SYS_UN_H 1
| #define HAVE_SYS_STAT_H 1
| #define HAVE_SYS_RESOURCE_H 1
| #define HAVE_SYS_UIO_H 1
| #define HAVE_NETINET_TCP_H 1
| #define HAVE_PWD_H 1
| #define HAVE_SYS_MMAN_H 1
| #define HAVE_SYSLOG_H 1
| #define HAVE__BOOL 1
| #define HAVE_STDBOOL_H 1
| #define HAVE_MLOCKALL 1
| /* end confdefs.h.  */
| /* Define getpagesizes to an innocuous variant, in case <limits.h> declares getpagesizes.
|    For example, HP-UX 11i <limits.h> declares gettimeofday.  */
| #define getpagesizes innocuous_getpagesizes
| 
| /* System header to define __stub macros and hopefully few prototypes,
|     which can conflict with char getpagesizes (); below.
|     Prefer <limits.h> to <assert.h> if __STDC__ is defined, since
|     <limits.h> exists even on freestanding compilers.  */
| 
| #ifdef __STDC__
| # include <limits.h>
| #else
| # include <assert.h>
| #endif
| 
| #undef getpagesizes
| 
| /* Override any GCC internal prototype to avoid an error.
|    Use char because int might match the return type of a GCC
|    builtin and then its argument prototype would still apply.  */
| #ifdef __cplusplus
| extern "C"
| #endif
| char getpagesizes ();
| /* The GNU C library defines this for functions which it implements
|     to always fail with ENOSYS.  Some functions are actually named
|     something starting with __ and the normal name is an alias.  */
| #if defined __stub_getpagesizes || defined __stub___getpagesizes
| choke me
| #endif
| 
| int
| main ()
| {
| return getpagesizes ();
|   ;
|   return 0;
| }
configure:13735: result: no
configure:13746: checking for memcntl
configure:13746: gcc -std=gnu99 -o conftest -fvisibility=hidden -pthread -g -O2   conftest.c -lrt  >&5
/tmp/cc4aFvWg.o: In function `main':
/home/fviale/Desarrollo/Workspace/C/memcached-1.6/conftest.c:77: undefined reference to `memcntl'
collect2: ld returned 1 exit status
configure:13746: $? = 1
configure: failed program was:
| /* confdefs.h */
| #define PACKAGE_NAME "memcached"
| #define PACKAGE_TARNAME "memcached"
| #define PACKAGE_VERSION "1.6.0_beta1_77_ge70f5ac"
| #define PACKAGE_STRING "memcached 1.6.0_beta1_77_ge70f5ac"
| #define PACKAGE_BUGREPORT "memcached@googlegroups.com"
| #define PACKAGE_URL ""
| #define PACKAGE "memcached"
| #define VERSION "1.6.0_beta1_77_ge70f5ac"
| #define STDC_HEADERS 1
| #define HAVE_SYS_TYPES_H 1
| #define HAVE_SYS_STAT_H 1
| #define HAVE_STDLIB_H 1
| #define HAVE_STRING_H 1
| #define HAVE_MEMORY_H 1
| #define HAVE_STRINGS_H 1
| #define HAVE_INTTYPES_H 1
| #define HAVE_STDINT_H 1
| #define HAVE_UNISTD_H 1
| #define HAVE_DLFCN_H 1
| #define LT_OBJDIR ".libs/"
| #define HAVE_LINK_H 1
| #define HAVE_DLFCN_H 1
| #define HAVE_INTTYPES_H 1
| #define HAVE_SYSEXITS_H 1
| #define HAVE_SYS_WAIT_H 1
| #define HAVE_SYS_SOCKET_H 1
| #define HAVE_NETINET_IN_H 1
| #define HAVE_NETDB_H 1
| #define HAVE_UNISTD_H 1
| #define HAVE_SYS_UN_H 1
| #define HAVE_SYS_STAT_H 1
| #define HAVE_SYS_RESOURCE_H 1
| #define HAVE_SYS_UIO_H 1
| #define HAVE_NETINET_TCP_H 1
| #define HAVE_PWD_H 1
| #define HAVE_SYS_MMAN_H 1
| #define HAVE_SYSLOG_H 1
| #define HAVE__BOOL 1
| #define HAVE_STDBOOL_H 1
| #define HAVE_MLOCKALL 1
| /* end confdefs.h.  */
| /* Define memcntl to an innocuous variant, in case <limits.h> declares memcntl.
|    For example, HP-UX 11i <limits.h> declares gettimeofday.  */
| #define memcntl innocuous_memcntl
| 
| /* System header to define __stub macros and hopefully few prototypes,
|     which can conflict with char memcntl (); below.
|     Prefer <limits.h> to <assert.h> if __STDC__ is defined, since
|     <limits.h> exists even on freestanding compilers.  */
| 
| #ifdef __STDC__
| # include <limits.h>
| #else
| # include <assert.h>
| #endif
| 
| #undef memcntl
| 
| /* Override any GCC internal prototype to avoid an error.
|    Use char because int might match the return type of a GCC
|    builtin and then its argument prototype would still apply.  */
| #ifdef __cplusplus
| extern "C"
| #endif
| char memcntl ();
| /* The GNU C library defines this for functions which it implements
|     to always fail with ENOSYS.  Some functions are actually named
|     something starting with __ and the normal name is an alias.  */
| #if defined __stub_memcntl || defined __stub___memcntl
| choke me
| #endif
| 
| int
| main ()
| {
| return memcntl ();
|   ;
|   return 0;
| }
configure:13746: result: no
configure:13757: checking for sigignore
configure:13757: gcc -std=gnu99 -o conftest -fvisibility=hidden -pthread -g -O2   conftest.c -lrt  >&5
configure:13757: $? = 0
configure:13757: result: yes
configure:13768: checking for clock_gettime
configure:13768: gcc -std=gnu99 -o conftest -fvisibility=hidden -pthread -g -O2   conftest.c -lrt  >&5
configure:13768: $? = 0
configure:13768: result: yes
configure:13780: checking for alignment
configure:13817: gcc -std=gnu99 -o conftest -fvisibility=hidden -pthread -g -O2   conftest.c -lrt  >&5
conftest.c: In function 'main':
conftest.c:62:25: warning: comparison between pointer and integer [enabled by default]
configure:13817: $? = 0
configure:13817: ./conftest
configure:13817: $? = 1
configure: program exited with status 1
configure: failed program was:
| /* confdefs.h */
| #define PACKAGE_NAME "memcached"
| #define PACKAGE_TARNAME "memcached"
| #define PACKAGE_VERSION "1.6.0_beta1_77_ge70f5ac"
| #define PACKAGE_STRING "memcached 1.6.0_beta1_77_ge70f5ac"
| #define PACKAGE_BUGREPORT "memcached@googlegroups.com"
| #define PACKAGE_URL ""
| #define PACKAGE "memcached"
| #define VERSION "1.6.0_beta1_77_ge70f5ac"
| #define STDC_HEADERS 1
| #define HAVE_SYS_TYPES_H 1
| #define HAVE_SYS_STAT_H 1
| #define HAVE_STDLIB_H 1
| #define HAVE_STRING_H 1
| #define HAVE_MEMORY_H 1
| #define HAVE_STRINGS_H 1
| #define HAVE_INTTYPES_H 1
| #define HAVE_STDINT_H 1
| #define HAVE_UNISTD_H 1
| #define HAVE_DLFCN_H 1
| #define LT_OBJDIR ".libs/"
| #define HAVE_LINK_H 1
| #define HAVE_DLFCN_H 1
| #define HAVE_INTTYPES_H 1
| #define HAVE_SYSEXITS_H 1
| #define HAVE_SYS_WAIT_H 1
| #define HAVE_SYS_SOCKET_H 1
| #define HAVE_NETINET_IN_H 1
| #define HAVE_NETDB_H 1
| #define HAVE_UNISTD_H 1
| #define HAVE_SYS_UN_H 1
| #define HAVE_SYS_STAT_H 1
| #define HAVE_SYS_RESOURCE_H 1
| #define HAVE_SYS_UIO_H 1
| #define HAVE_NETINET_TCP_H 1
| #define HAVE_PWD_H 1
| #define HAVE_SYS_MMAN_H 1
| #define HAVE_SYSLOG_H 1
| #define HAVE__BOOL 1
| #define HAVE_STDBOOL_H 1
| #define HAVE_MLOCKALL 1
| #define HAVE_SIGIGNORE 1
| #define HAVE_CLOCK_GETTIME 1
| /* end confdefs.h.  */
| 
| #include <stdlib.h>
| #include <inttypes.h>
| 
| int
| main ()
| {
| 
|        char *buf = malloc(32);
| 
|        uint64_t *ptr = (uint64_t*)(buf+2);
|        // catch sigbus, etc.
|        *ptr = 0x1;
| 
|        // catch unaligned word access (ARM cpus)
|        *buf =  1; *(buf +1) = 2; *(buf + 2) = 2; *(buf + 3) = 3; *(buf + 4) = 4;
|        int* i = (int*)(buf+1);
|        return (84148994 == i) ? 0 : 1;
| 
|   ;
|   return 0;
| }
| 
configure:13832: result: need
configure:13843: checking for setppriv
configure:13843: gcc -std=gnu99 -o conftest -fvisibility=hidden -pthread -g -O2   conftest.c -lrt  >&5
/tmp/ccrPAznn.o: In function `main':
/home/fviale/Desarrollo/Workspace/C/memcached-1.6/conftest.c:80: undefined reference to `setppriv'
collect2: ld returned 1 exit status
configure:13843: $? = 1
configure: failed program was:
| /* confdefs.h */
| #define PACKAGE_NAME "memcached"
| #define PACKAGE_TARNAME "memcached"
| #define PACKAGE_VERSION "1.6.0_beta1_77_ge70f5ac"
| #define PACKAGE_STRING "memcached 1.6.0_beta1_77_ge70f5ac"
| #define PACKAGE_BUGREPORT "memcached@googlegroups.com"
| #define PACKAGE_URL ""
| #define PACKAGE "memcached"
| #define VERSION "1.6.0_beta1_77_ge70f5ac"
| #define STDC_HEADERS 1
| #define HAVE_SYS_TYPES_H 1
| #define HAVE_SYS_STAT_H 1
| #define HAVE_STDLIB_H 1
| #define HAVE_STRING_H 1
| #define HAVE_MEMORY_H 1
| #define HAVE_STRINGS_H 1
| #define HAVE_INTTYPES_H 1
| #define HAVE_STDINT_H 1
| #define HAVE_UNISTD_H 1
| #define HAVE_DLFCN_H 1
| #define LT_OBJDIR ".libs/"
| #define HAVE_LINK_H 1
| #define HAVE_DLFCN_H 1
| #define HAVE_INTTYPES_H 1
| #define HAVE_SYSEXITS_H 1
| #define HAVE_SYS_WAIT_H 1
| #define HAVE_SYS_SOCKET_H 1
| #define HAVE_NETINET_IN_H 1
| #define HAVE_NETDB_H 1
| #define HAVE_UNISTD_H 1
| #define HAVE_SYS_UN_H 1
| #define HAVE_SYS_STAT_H 1
| #define HAVE_SYS_RESOURCE_H 1
| #define HAVE_SYS_UIO_H 1
| #define HAVE_NETINET_TCP_H 1
| #define HAVE_PWD_H 1
| #define HAVE_SYS_MMAN_H 1
| #define HAVE_SYSLOG_H 1
| #define HAVE__BOOL 1
| #define HAVE_STDBOOL_H 1
| #define HAVE_MLOCKALL 1
| #define HAVE_SIGIGNORE 1
| #define HAVE_CLOCK_GETTIME 1
| #define NEED_ALIGN 1
| /* end confdefs.h.  */
| /* Define setppriv to an innocuous variant, in case <limits.h> declares setppriv.
|    For example, HP-UX 11i <limits.h> declares gettimeofday.  */
| #define setppriv innocuous_setppriv
| 
| /* System header to define __stub macros and hopefully few prototypes,
|     which can conflict with char setppriv (); below.
|     Prefer <limits.h> to <assert.h> if __STDC__ is defined, since
|     <limits.h> exists even on freestanding compilers.  */
| 
| #ifdef __STDC__
| # include <limits.h>
| #else
| # include <assert.h>
| #endif
| 
| #undef setppriv
| 
| /* Override any GCC internal prototype to avoid an error.
|    Use char because int might match the return type of a GCC
|    builtin and then its argument prototype would still apply.  */
| #ifdef __cplusplus
| extern "C"
| #endif
| char setppriv ();
| /* The GNU C library defines this for functions which it implements
|     to always fail with ENOSYS.  Some functions are actually named
|     something starting with __ and the normal name is an alias.  */
| #if defined __stub_setppriv || defined __stub___setppriv
| choke me
| #endif
| 
| int
| main ()
| {
| return setppriv ();
|   ;
|   return 0;
| }
configure:13843: result: no
configure:13923: checking for dot
configure:13941: found /usr/bin/dot
configure:13954: result: /usr/bin/dot
configure:13969: checking for doxygen
configure:14000: result: doxygen
configure:14010: checking for perl
configure:14028: found /usr/bin/perl
configure:14041: result: /usr/bin/perl
configure:14055: checking for python
configure:14073: found /usr/bin/python
configure:14086: result: /usr/bin/python
configure:14289: creating ./config.status

## ---------------------- ##
## Running config.status. ##
## ---------------------- ##

This file was extended by memcached config.status 1.6.0_beta1_77_ge70f5ac, which was
generated by GNU Autoconf 2.68.  Invocation command line was

  CONFIG_FILES    = 
  CONFIG_HEADERS  = 
  CONFIG_LINKS    = 
  CONFIG_COMMANDS = 
  $ ./config.status 

on Facundo-Notebook

config.status:1160: creating t/binary-sasl.t
config.status:1160: creating Makefile
config.status:1160: creating config/Doxyfile
config.status:1160: creating config/Doxyfile-api
config.status:1160: creating config.h
config.status:1341: config.h is unchanged
config.status:1389: executing depfiles commands
config.status:1389: executing libtool commands

## ---------------- ##
## Cache variables. ##
## ---------------- ##

ac_cv_build=i686-pc-linux-gnu
ac_cv_bundled_libevent=yes
ac_cv_c_alignment=need
ac_cv_c_bigendian=no
ac_cv_c_compiler_gnu=yes
ac_cv_c_const=yes
ac_cv_c_socklen_t=yes
ac_cv_c_uint64_support=yes
ac_cv_enable_breakdancer=no
ac_cv_env_CC_set=
ac_cv_env_CC_value=
ac_cv_env_CFLAGS_set=
ac_cv_env_CFLAGS_value=
ac_cv_env_CPPFLAGS_set=
ac_cv_env_CPPFLAGS_value=
ac_cv_env_CPP_set=
ac_cv_env_CPP_value=
ac_cv_env_LDFLAGS_set=
ac_cv_env_LDFLAGS_value=
ac_cv_env_LIBS_set=
ac_cv_env_LIBS_value=
ac_cv_env_build_alias_set=
ac_cv_env_build_alias_value=
ac_cv_env_host_alias_set=
ac_cv_env_host_alias_value=
ac_cv_env_target_alias_set=
ac_cv_env_target_alias_value=
ac_cv_func_clock_gettime=yes
ac_cv_func_getpagesizes=no
ac_cv_func_memcntl=no
ac_cv_func_mlockall=yes
ac_cv_func_setppriv=no
ac_cv_func_sigignore=yes
ac_cv_header_dlfcn_h=yes
ac_cv_header_inttypes_h=yes
ac_cv_header_link_h=yes
ac_cv_header_memory_h=yes
ac_cv_header_netdb_h=yes
ac_cv_header_netinet_in_h=yes
ac_cv_header_netinet_tcp_h=yes
ac_cv_header_priv_h=no
ac_cv_header_pwd_h=yes
ac_cv_header_sasl_sasl_h=no
ac_cv_header_stdbool_h=yes
ac_cv_header_stdc=yes
ac_cv_header_stdint_h=yes
ac_cv_header_stdlib_h=yes
ac_cv_header_string_h=yes
ac_cv_header_strings_h=yes
ac_cv_header_sys_mman_h=yes
ac_cv_header_sys_resource_h=yes
ac_cv_header_sys_socket_h=yes
ac_cv_header_sys_stat_h=yes
ac_cv_header_sys_types_h=yes
ac_cv_header_sys_uio_h=yes
ac_cv_header_sys_un_h=yes
ac_cv_header_sys_wait_h=yes
ac_cv_header_sysexits_h=yes
ac_cv_header_syslog_h=yes
ac_cv_header_umem_h=no
ac_cv_header_unistd_h=yes
ac_cv_header_windows_h=no
ac_cv_host=i686-pc-linux-gnu
ac_cv_libevent_dir='(system)'
ac_cv_objext=o
ac_cv_path_DOT=/usr/bin/dot
ac_cv_path_DOXYGEN=doxygen
ac_cv_path_EGREP='/bin/grep -E'
ac_cv_path_FGREP='/bin/grep -F'
ac_cv_path_GREP=/bin/grep
ac_cv_path_PERL=/usr/bin/perl
ac_cv_path_PYTHON=/usr/bin/python
ac_cv_path_SED=/bin/sed
ac_cv_path_install='/usr/bin/install -c'
ac_cv_path_mkdir=/bin/mkdir
ac_cv_prog_AWK=mawk
ac_cv_prog_CPP='gcc -E'
ac_cv_prog_ac_ct_AR=ar
ac_cv_prog_ac_ct_CC=gcc
ac_cv_prog_ac_ct_MANIFEST_TOOL=mt
ac_cv_prog_ac_ct_OBJDUMP=objdump
ac_cv_prog_ac_ct_RANLIB=ranlib
ac_cv_prog_ac_ct_STRIP=strip
ac_cv_prog_cc_c89=
ac_cv_prog_cc_c99=-std=gnu99
ac_cv_prog_cc_g=yes
ac_cv_prog_cc_gcc_c_o=yes
ac_cv_prog_make_make_set=yes
ac_cv_search_clock_gettime=-lrt
ac_cv_search_dlopen=-ldl
ac_cv_search_gethostbyname='none required'
ac_cv_search_gethugepagesizes=no
ac_cv_search_log=-lm
ac_cv_search_pthread_create='none required'
ac_cv_search_socket='none required'
ac_cv_search_umem_cache_create=no
ac_cv_target=i686-pc-linux-gnu
ac_cv_type__Bool=yes
am_cv_CC_dependencies_compiler_type=gcc3
lt_cv_ar_at_file=@
lt_cv_archive_cmds_need_lc=no
lt_cv_deplibs_check_method=pass_all
lt_cv_file_magic_cmd='$MAGIC_CMD'
lt_cv_file_magic_test_file=
lt_cv_ld_reload_flag=-r
lt_cv_nm_interface='BSD nm'
lt_cv_objdir=.libs
lt_cv_path_LD=/usr/bin/ld
lt_cv_path_NM='/usr/bin/nm -B'
lt_cv_path_mainfest_tool=no
lt_cv_prog_compiler_c_o=yes
lt_cv_prog_compiler_pic='-fPIC -DPIC'
lt_cv_prog_compiler_pic_works=yes
lt_cv_prog_compiler_rtti_exceptions=no
lt_cv_prog_compiler_static_works=yes
lt_cv_prog_gnu_ld=yes
lt_cv_sharedlib_from_linklib_cmd='printf %s\n'
lt_cv_shlibpath_overrides_runpath=no
lt_cv_sys_global_symbol_pipe='sed -n -e '\''s/^.*[	 ]\([ABCDGIRSTW][ABCDGIRSTW]*\)[	 ][	 ]*\([_A-Za-z][_A-Za-z0-9]*\)$/\1 \2 \2/p'\'' | sed '\''/ __gnu_lto/d'\'''
lt_cv_sys_global_symbol_to_c_name_address='sed -n -e '\''s/^: \([^ ]*\)[ ]*$/  {\"\1\", (void *) 0},/p'\'' -e '\''s/^[ABCDGIRSTW]* \([^ ]*\) \([^ ]*\)$/  {"\2", (void *) \&\2},/p'\'''
lt_cv_sys_global_symbol_to_c_name_address_lib_prefix='sed -n -e '\''s/^: \([^ ]*\)[ ]*$/  {\"\1\", (void *) 0},/p'\'' -e '\''s/^[ABCDGIRSTW]* \([^ ]*\) \(lib[^ ]*\)$/  {"\2", (void *) \&\2},/p'\'' -e '\''s/^[ABCDGIRSTW]* \([^ ]*\) \([^ ]*\)$/  {"lib\2", (void *) \&\2},/p'\'''
lt_cv_sys_global_symbol_to_cdecl='sed -n -e '\''s/^T .* \(.*\)$/extern int \1();/p'\'' -e '\''s/^[ABCDGIRSTW]* .* \(.*\)$/extern char \1;/p'\'''
lt_cv_sys_max_cmd_len=1572864
lt_cv_to_host_file_cmd=func_convert_file_noop
lt_cv_to_tool_file_cmd=func_convert_file_noop

## ----------------- ##
## Output variables. ##
## ----------------- ##

ACLOCAL='${SHELL} /home/fviale/Desarrollo/Workspace/C/memcached-1.6/config/missing --run aclocal-1.11'
AMDEPBACKSLASH='\'
AMDEP_FALSE='#'
AMDEP_TRUE=''
AMTAR='${SHELL} /home/fviale/Desarrollo/Workspace/C/memcached-1.6/config/missing --run tar'
APPLICATION_LIBS='  -ldl  -lm '
AR='ar'
AUTOCONF='${SHELL} /home/fviale/Desarrollo/Workspace/C/memcached-1.6/config/missing --run autoconf'
AUTOHEADER='${SHELL} /home/fviale/Desarrollo/Workspace/C/memcached-1.6/config/missing --run autoheader'
AUTOMAKE='${SHELL} /home/fviale/Desarrollo/Workspace/C/memcached-1.6/config/missing --run automake-1.11'
AWK='mawk'
BUILD_CACHE_FALSE='#'
BUILD_CACHE_TRUE=''
BUILD_DTRACE_FALSE=''
BUILD_DTRACE_TRUE='#'
BUILD_EVENTLOG_LOGGER_FALSE=''
BUILD_EVENTLOG_LOGGER_TRUE='#'
BUILD_SOLARIS_PRIVS_FALSE=''
BUILD_SOLARIS_PRIVS_TRUE='#'
BUILD_SYSLOG_LOGGER_FALSE='#'
BUILD_SYSLOG_LOGGER_TRUE=''
CC='gcc -std=gnu99'
CCDEPMODE='depmode=gcc3'
CFLAGS='-fvisibility=hidden -pthread -g -O2 -Wall -Werror -pedantic -Wmissing-prototypes -Wmissing-declarations -Wredundant-decls'
CPP='gcc -E'
CPPFLAGS='-I${top_srcdir}/include '
CYGPATH_W='echo'
DEFS='-DHAVE_CONFIG_H'
DEPDIR='.deps'
DLLTOOL='false'
DOT='/usr/bin/dot'
DOXYGEN='doxygen'
DSYMUTIL=''
DTRACE=''
DTRACEFLAGS=''
DTRACE_INSTRUMENT_OBJ_FALSE=''
DTRACE_INSTRUMENT_OBJ_TRUE='#'
DUMPBIN=''
ECHO_C=''
ECHO_N='-n'
ECHO_T=''
EGREP='/bin/grep -E'
EMBEDDED_LIBEVENT_FALSE=''
EMBEDDED_LIBEVENT_TRUE='#'
ENABLE_BREAKDANCE_FALSE=''
ENABLE_BREAKDANCE_TRUE='#'
ENABLE_ISASL=''
ENABLE_ISASL_FALSE=''
ENABLE_ISASL_TRUE='#'
ENABLE_SASL=''
ENABLE_SASL_FALSE=''
ENABLE_SASL_TRUE='#'
EXEEXT=''
FGREP='/bin/grep -F'
GREP='/bin/grep'
HAVE_DOT='YES'
INCLUDE_DEFAULT_ENGINE_FALSE=''
INCLUDE_DEFAULT_ENGINE_TRUE='#'
INSTALL_DATA='${INSTALL} -m 644'
INSTALL_PROGRAM='${INSTALL}'
INSTALL_SCRIPT='${INSTALL}'
INSTALL_STRIP_PROGRAM='$(install_sh) -c -s'
LD='/usr/bin/ld'
LDFLAGS=''
LIBDL='-ldl '
LIBHUGETLBFS=''
LIBM='-lm '
LIBOBJS=''
LIBS='-lrt '
LIBTOOL='$(SHELL) $(top_builddir)/libtool'
LIBUMEM=''
LIPO=''
LN_S='ln -s'
LTLIBOBJS=''
MAKEINFO='${SHELL} /home/fviale/Desarrollo/Workspace/C/memcached-1.6/config/missing --run makeinfo'
MANIFEST_TOOL=':'
MKDIR_P='/bin/mkdir -p'
NM='/usr/bin/nm -B'
NMEDIT=''
OBJDUMP='objdump'
OBJEXT='o'
OTOOL64=''
OTOOL=''
PACKAGE='memcached'
PACKAGE_BUGREPORT='memcached@googlegroups.com'
PACKAGE_NAME='memcached'
PACKAGE_STRING='memcached 1.6.0_beta1_77_ge70f5ac'
PACKAGE_TARNAME='memcached'
PACKAGE_URL=''
PACKAGE_VERSION='1.6.0_beta1_77_ge70f5ac'
PATH_SEPARATOR=':'
PERL='/usr/bin/perl'
PROFILER=''
PROFILER_FLAGS=''
PROFILER_LDFLAGS=''
PROJECT_NUMBER='1.6.0_beta1_77_ge70f5ac'
PYTHON='/usr/bin/python'
RANLIB='ranlib'
SASLPASSWD2=''
SED='/bin/sed'
SET_MAKE=''
SHELL='/bin/bash'
STRIP='strip'
VERSION='1.6.0_beta1_77_ge70f5ac'
ac_ct_AR='ar'
ac_ct_CC='gcc'
ac_ct_DUMPBIN=''
ac_cv_saslpasswd2=''
am__EXEEXT_FALSE=''
am__EXEEXT_TRUE='#'
am__fastdepCC_FALSE='#'
am__fastdepCC_TRUE=''
am__include='include'
am__isrc=''
am__leading_dot='.'
am__quote=''
am__tar='${AMTAR} chof - "$$tardir"'
am__untar='${AMTAR} xf -'
bindir='${exec_prefix}/bin'
build='i686-pc-linux-gnu'
build_alias=''
build_cpu='i686'
build_os='linux-gnu'
build_vendor='pc'
datadir='${datarootdir}'
datarootdir='${prefix}/share'
docdir='${datarootdir}/doc/${PACKAGE_TARNAME}'
dvidir='${docdir}'
exec_prefix='${prefix}'
host='i686-pc-linux-gnu'
host_alias=''
host_cpu='i686'
host_os='linux-gnu'
host_vendor='pc'
htmldir='${docdir}'
includedir='${prefix}/include'
infodir='${datarootdir}/info'
install_sh='${SHELL} /home/fviale/Desarrollo/Workspace/C/memcached-1.6/config/install-sh'
libdir='${exec_prefix}/lib'
libexecdir='${exec_prefix}/libexec'
localedir='${datarootdir}/locale'
localstatedir='${prefix}/var'
mandir='${datarootdir}/man'
mkdir_p='/bin/mkdir -p'
oldincludedir='/usr/include'
pdfdir='${docdir}'
prefix='/usr/local'
program_transform_name='s,x,x,'
psdir='${docdir}'
sbindir='${exec_prefix}/sbin'
sharedstatedir='${prefix}/com'
sysconfdir='${prefix}/etc'
target='i686-pc-linux-gnu'
target_alias=''
target_cpu='i686'
target_os='linux-gnu'
target_vendor='pc'

## ----------- ##
## confdefs.h. ##
## ----------- ##

/* confdefs.h */
#define PACKAGE_NAME "memcached"
#define PACKAGE_TARNAME "memcached"
#define PACKAGE_VERSION "1.6.0_beta1_77_ge70f5ac"
#define PACKAGE_STRING "memcached 1.6.0_beta1_77_ge70f5ac"
#define PACKAGE_BUGREPORT "memcached@googlegroups.com"
#define PACKAGE_URL ""
#define PACKAGE "memcached"
#define VERSION "1.6.0_beta1_77_ge70f5ac"
#define STDC_HEADERS 1
#define HAVE_SYS_TYPES_H 1
#define HAVE_SYS_STAT_H 1
#define HAVE_STDLIB_H 1
#define HAVE_STRING_H 1
#define HAVE_MEMORY_H 1
#define HAVE_STRINGS_H 1
#define HAVE_INTTYPES_H 1
#define HAVE_STDINT_H 1
#define HAVE_UNISTD_H 1
#define HAVE_DLFCN_H 1
#define LT_OBJDIR ".libs/"
#define HAVE_LINK_H 1
#define HAVE_DLFCN_H 1
#define HAVE_INTTYPES_H 1
#define HAVE_SYSEXITS_H 1
#define HAVE_SYS_WAIT_H 1
#define HAVE_SYS_SOCKET_H 1
#define HAVE_NETINET_IN_H 1
#define HAVE_NETDB_H 1
#define HAVE_UNISTD_H 1
#define HAVE_SYS_UN_H 1
#define HAVE_SYS_STAT_H 1
#define HAVE_SYS_RESOURCE_H 1
#define HAVE_SYS_UIO_H 1
#define HAVE_NETINET_TCP_H 1
#define HAVE_PWD_H 1
#define HAVE_SYS_MMAN_H 1
#define HAVE_SYSLOG_H 1
#define HAVE__BOOL 1
#define HAVE_STDBOOL_H 1
#define HAVE_MLOCKALL 1
#define HAVE_SIGIGNORE 1
#define HAVE_CLOCK_GETTIME 1
#define NEED_ALIGN 1
#define _GNU_SOURCE 1

configure: exit 0
